Successfully invoked the index route
Successfully invoked the index route
False
False
False
False
False
False
False
False
True
True
('the available duration for ', 'landmark', ' is ', 0.0)
('the available duration for ', 'restaurant', ' is ', 360.0)
('the available duration for ', 'nature', ' is ', 0.0)
('the available duration for ', 'shopping', ' is ', 0.0)
('the available duration for ', 'theatre', ' is ', 0.0)
5ca78997aade8e3370e58d79
[{'category': 'restaurant', 'name': 'Xian Street Food Dublin', 'duration': 120, 'bestTimeToVisit': {'day': 'evening', 'season': 'all'}, 'geoLocation': {'latitude': 53.34107, 'longitude': -6.25971}, 'review': 4.5, 'Price': 20.0, 'hours': {'opening': '1200', 'closing': '2359'}}, {'category': 'restaurant', 'name': 'Beshoff Bros', 'duration': 60, 'bestTimeToVisit': {'day': 'all', 'season': 'all'}, 'geoLocation': {'latitude': 53.34439, 'longitude': -6.26598}, 'review': 4.5, 'Price': 20.0, 'hours': {'opening': '900', 'closing': '2300'}}, {'category': 'restaurant', 'name': 'Kimchi Hophouse', 'duration': 90, 'bestTimeToVisit': {'day': 'all', 'season': 'all'}, 'geoLocation': {'latitude': 53.35398, 'longitude': -6.26104}, 'review': 4.4, 'Price': 20.0, 'hours': {'opening': '1200', 'closing': '2230'}}, {'category': 'restaurant', 'name': 'Brother Hubbard South', 'duration': 60, 'bestTimeToVisit': {'day': 'all', 'season': 'all'}, 'geoLocation': {'latitude': 53.33287, 'longitude': -6.26553}, 'review': 4.4, 'Price': 15.0, 'hours': {'opening': '830', 'closing': '1600'}}]
True
('the available duration for ', 'landmark', ' is ', 0.0)
('the available duration for ', 'restaurant', ' is ', 360.0)
('the available duration for ', 'nature', ' is ', 0.0)
('the available duration for ', 'shopping', ' is ', 0.0)
('the available duration for ', 'theatre', ' is ', 0.0)
5ca789deaade8e3370e58d7a
[{'category': 'restaurant', 'name': 'Kimchi Hophouse', 'duration': 90, 'bestTimeToVisit': {'day': 'all', 'season': 'all'}, 'geoLocation': {'latitude': 53.35398, 'longitude': -6.26104}, 'review': 4.4, 'Price': 20.0, 'hours': {'opening': '1200', 'closing': '2230'}}, {'category': 'restaurant', 'name': 'The Vintage Teapot', 'duration': 60, 'bestTimeToVisit': {'day': 'all', 'season': 'all'}, 'geoLocation': {'latitude': 53.3504, 'longitude': -6.2597}, 'review': 4.5, 'Price': 15.0, 'hours': {'opening': '930', 'closing': '2000'}}, {'category': 'restaurant', 'name': 'Brother Hubbard South', 'duration': 60, 'bestTimeToVisit': {'day': 'all', 'season': 'all'}, 'geoLocation': {'latitude': 53.33287, 'longitude': -6.26553}, 'review': 4.4, 'Price': 15.0, 'hours': {'opening': '830', 'closing': '1600'}}, {'category': 'restaurant', 'name': 'Mamas Revenge', 'duration': 60, 'bestTimeToVisit': {'day': 'all', 'season': 'all'}, 'geoLocation': {'latitude': 53.3419, 'longitude': -6.2538}, 'review': 4.5, 'Price': 20.0, 'hours': {'opening': '1000', 'closing': '2000'}}, {'category': 'restaurant', 'name': 'Beshoff Bros', 'duration': 60, 'bestTimeToVisit': {'day': 'all', 'season': 'all'}, 'geoLocation': {'latitude': 53.34439, 'longitude': -6.26598}, 'review': 4.5, 'Price': 20.0, 'hours': {'opening': '900', 'closing': '2300'}}]
True
('the available duration for ', 'landmark', ' is ', 0.0)
('the available duration for ', 'restaurant', ' is ', 360.0)
('the available duration for ', 'nature', ' is ', 0.0)
('the available duration for ', 'shopping', ' is ', 0.0)
('the available duration for ', 'theatre', ' is ', 0.0)
5ca789eaaade8e3370e58d7b
[{'category': 'restaurant', 'name': 'The Vintage Teapot', 'duration': 60, 'bestTimeToVisit': {'day': 'all', 'season': 'all'}, 'geoLocation': {'latitude': 53.3504, 'longitude': -6.2597}, 'review': 4.5, 'Price': 15.0, 'hours': {'opening': '930', 'closing': '2000'}}, {'category': 'restaurant', 'name': 'Xian Street Food Dublin', 'duration': 120, 'bestTimeToVisit': {'day': 'evening', 'season': 'all'}, 'geoLocation': {'latitude': 53.34107, 'longitude': -6.25971}, 'review': 4.5, 'Price': 20.0, 'hours': {'opening': '1200', 'closing': '2359'}}, {'category': 'restaurant', 'name': 'Mamas Revenge', 'duration': 60, 'bestTimeToVisit': {'day': 'all', 'season': 'all'}, 'geoLocation': {'latitude': 53.3419, 'longitude': -6.2538}, 'review': 4.5, 'Price': 20.0, 'hours': {'opening': '1000', 'closing': '2000'}}, {'category': 'restaurant', 'name': 'Brother Hubbard South', 'duration': 60, 'bestTimeToVisit': {'day': 'all', 'season': 'all'}, 'geoLocation': {'latitude': 53.33287, 'longitude': -6.26553}, 'review': 4.4, 'Price': 15.0, 'hours': {'opening': '830', 'closing': '1600'}}, {'category': 'restaurant', 'name': 'Beshoff Bros', 'duration': 60, 'bestTimeToVisit': {'day': 'all', 'season': 'all'}, 'geoLocation': {'latitude': 53.34439, 'longitude': -6.26598}, 'review': 4.5, 'Price': 20.0, 'hours': {'opening': '900', 'closing': '2300'}}]
True
('the available duration for ', 'landmark', ' is ', 0.0)
('the available duration for ', 'restaurant', ' is ', 360.0)
('the available duration for ', 'nature', ' is ', 0.0)
('the available duration for ', 'shopping', ' is ', 0.0)
('the available duration for ', 'theatre', ' is ', 0.0)
5ca78a00aade8e3370e58d7c
[{'category': 'restaurant', 'name': 'Brother Hubbard South', 'duration': 60, 'bestTimeToVisit': {'day': 'all', 'season': 'all'}, 'geoLocation': {'latitude': 53.33287, 'longitude': -6.26553}, 'review': 4.4, 'Price': 15.0, 'hours': {'opening': '830', 'closing': '1600'}}, {'category': 'restaurant', 'name': 'Beshoff Bros', 'duration': 60, 'bestTimeToVisit': {'day': 'all', 'season': 'all'}, 'geoLocation': {'latitude': 53.34439, 'longitude': -6.26598}, 'review': 4.5, 'Price': 20.0, 'hours': {'opening': '900', 'closing': '2300'}}, {'category': 'restaurant', 'name': 'Kimchi Hophouse', 'duration': 90, 'bestTimeToVisit': {'day': 'all', 'season': 'all'}, 'geoLocation': {'latitude': 53.35398, 'longitude': -6.26104}, 'review': 4.4, 'Price': 20.0, 'hours': {'opening': '1200', 'closing': '2230'}}, {'category': 'restaurant', 'name': 'Mamas Revenge', 'duration': 60, 'bestTimeToVisit': {'day': 'all', 'season': 'all'}, 'geoLocation': {'latitude': 53.3419, 'longitude': -6.2538}, 'review': 4.5, 'Price': 20.0, 'hours': {'opening': '1000', 'closing': '2000'}}, {'category': 'restaurant', 'name': 'The Vintage Teapot', 'duration': 60, 'bestTimeToVisit': {'day': 'all', 'season': 'all'}, 'geoLocation': {'latitude': 53.3504, 'longitude': -6.2597}, 'review': 4.5, 'Price': 15.0, 'hours': {'opening': '930', 'closing': '2000'}}]
True
('the available duration for ', 'landmark', ' is ', 0.0)
('the available duration for ', 'restaurant', ' is ', 360.0)
('the available duration for ', 'nature', ' is ', 0.0)
('the available duration for ', 'shopping', ' is ', 0.0)
('the available duration for ', 'theatre', ' is ', 0.0)
5ca78a0eaade8e3370e58d7d
[{'category': 'restaurant', 'name': 'The Vintage Teapot', 'duration': 60, 'bestTimeToVisit': {'day': 'all', 'season': 'all'}, 'geoLocation': {'latitude': 53.3504, 'longitude': -6.2597}, 'review': 4.5, 'Price': 15.0, 'hours': {'opening': '930', 'closing': '2000'}}, {'category': 'restaurant', 'name': 'Beshoff Bros', 'duration': 60, 'bestTimeToVisit': {'day': 'all', 'season': 'all'}, 'geoLocation': {'latitude': 53.34439, 'longitude': -6.26598}, 'review': 4.5, 'Price': 20.0, 'hours': {'opening': '900', 'closing': '2300'}}, {'category': 'restaurant', 'name': 'Mamas Revenge', 'duration': 60, 'bestTimeToVisit': {'day': 'all', 'season': 'all'}, 'geoLocation': {'latitude': 53.3419, 'longitude': -6.2538}, 'review': 4.5, 'Price': 20.0, 'hours': {'opening': '1000', 'closing': '2000'}}, {'category': 'restaurant', 'name': 'Xian Street Food Dublin', 'duration': 120, 'bestTimeToVisit': {'day': 'evening', 'season': 'all'}, 'geoLocation': {'latitude': 53.34107, 'longitude': -6.25971}, 'review': 4.5, 'Price': 20.0, 'hours': {'opening': '1200', 'closing': '2359'}}, {'category': 'restaurant', 'name': 'Brother Hubbard South', 'duration': 60, 'bestTimeToVisit': {'day': 'all', 'season': 'all'}, 'geoLocation': {'latitude': 53.33287, 'longitude': -6.26553}, 'review': 4.4, 'Price': 15.0, 'hours': {'opening': '830', 'closing': '1600'}}]
True
('the available duration for ', 'landmark', ' is ', 0.0)
('the available duration for ', 'restaurant', ' is ', 360.0)
('the available duration for ', 'nature', ' is ', 0.0)
('the available duration for ', 'shopping', ' is ', 0.0)
('the available duration for ', 'theatre', ' is ', 0.0)
5ca78a1aaade8e3370e58d7e
[{'category': 'restaurant', 'name': 'Kimchi Hophouse', 'duration': 90, 'bestTimeToVisit': {'day': 'all', 'season': 'all'}, 'geoLocation': {'latitude': 53.35398, 'longitude': -6.26104}, 'review': 4.4, 'Price': 20.0, 'hours': {'opening': '1200', 'closing': '2230'}}, {'category': 'restaurant', 'name': 'Mamas Revenge', 'duration': 60, 'bestTimeToVisit': {'day': 'all', 'season': 'all'}, 'geoLocation': {'latitude': 53.3419, 'longitude': -6.2538}, 'review': 4.5, 'Price': 20.0, 'hours': {'opening': '1000', 'closing': '2000'}}, {'category': 'restaurant', 'name': 'Beshoff Bros', 'duration': 60, 'bestTimeToVisit': {'day': 'all', 'season': 'all'}, 'geoLocation': {'latitude': 53.34439, 'longitude': -6.26598}, 'review': 4.5, 'Price': 20.0, 'hours': {'opening': '900', 'closing': '2300'}}, {'category': 'restaurant', 'name': 'Brother Hubbard South', 'duration': 60, 'bestTimeToVisit': {'day': 'all', 'season': 'all'}, 'geoLocation': {'latitude': 53.33287, 'longitude': -6.26553}, 'review': 4.4, 'Price': 15.0, 'hours': {'opening': '830', 'closing': '1600'}}, {'category': 'restaurant', 'name': 'The Vintage Teapot', 'duration': 60, 'bestTimeToVisit': {'day': 'all', 'season': 'all'}, 'geoLocation': {'latitude': 53.3504, 'longitude': -6.2597}, 'review': 4.5, 'Price': 15.0, 'hours': {'opening': '930', 'closing': '2000'}}]
True
('the available duration for ', 'landmark', ' is ', 0.0)
('the available duration for ', 'restaurant', ' is ', 360.0)
('the available duration for ', 'nature', ' is ', 0.0)
5ca78a2aaade8e3370e58d7f
True
True
True
True
Starting to plan trip
{"age": 0, "gender": "", "tags": ["play", "lake", "park"], "avgDuration": "12", "name": "", "avgBudget": 1, "user_id": ""}
Creating a new user and fetching places
initial weights {'restaurant': 0, 'shopping': 0, 'theatre': 0, 'landmark': 0, 'nature': 0}
{'shopping': 0, 'nature': 2, 'landmark': 0, 'restaurant': 0, 'theatre': 1}
{'shopping': 0, 'nature': 2, 'landmark': 0, 'restaurant': 0, 'theatre': 1}
5cae0268aade8e08109253b5
('the available duration for ', 'restaurant', ' is ', 0.0)
('the available duration for ', 'shopping', ' is ', 0.0)
('the available duration for ', 'theatre', ' is ', 240.0)
('the available duration for ', 'landmark', ' is ', 0.0)
('the available duration for ', 'nature', ' is ', 480.0)
Trip plannning completed
5cae0268aade8e08109253b5
[{'review': 4.3, 'hours': {'closing': '2359', 'opening': '0'}, 'geoLocation': {'longitude': -6.26031, 'latitude': 53.34981}, 'category': 'theatre', 'duration': 120, 'Price': 0.0, 'name': 'Liberty Hall Theatre', 'bestTimeToVisit': {'season': 'all', 'day': 'all'}}, {'review': 4.6, 'hours': {'closing': '2359', 'opening': '0'}, 'geoLocation': {'longitude': -6.25922, 'latitude': 53.33472}, 'category': 'theatre', 'duration': 120, 'Price': 0.0, 'name': 'National Concert Hall', 'bestTimeToVisit': {'season': 'all', 'day': 'all'}}]
True
True
Starting to plan trip
{"name": "testman", "age": "", "avgBudget": 0, "user_id": "", "avgDuration": "6", "gender": "M", "tags": ["lake", "", ""]}
Creating a new user and fetching places
initial weights {'restaurant': 0, 'nature': 0, 'landmark': 0, 'shopping': 0, 'theatre': 0}
{'restaurant': 0, 'nature': 1, 'landmark': 0, 'shopping': 0, 'theatre': 0}
{'restaurant': 0, 'nature': 1, 'landmark': 0, 'shopping': 0, 'theatre': 0}
True
Starting to plan trip
{"avgDuration": "6", "tags": ["movie", "", ""], "avgBudget": 0, "name": "testmans", "age": "55", "user_id": "", "gender": "F"}
Creating a new user and fetching places
initial weights {'landmark': 0, 'shopping': 0, 'theatre': 0, 'restaurant': 0, 'nature': 0}
{'landmark': 0, 'shopping': 0, 'theatre': 1, 'restaurant': 0, 'nature': 0}
{'landmark': 0, 'shopping': 0, 'theatre': 1, 'restaurant': 0, 'nature': 0}
5cae039eaade8e3f98632db7
('the available duration for ', 'landmark', ' is ', 0.0)
('the available duration for ', 'shopping', ' is ', 0.0)
('the available duration for ', 'theatre', ' is ', 360.0)
('the available duration for ', 'restaurant', ' is ', 0.0)
('the available duration for ', 'nature', ' is ', 0.0)
Trip plannning completed
5cae039eaade8e3f98632db7
[{'Price': 0.0, 'hours': {'closing': '2359', 'opening': '0'}, 'bestTimeToVisit': {'day': 'all', 'season': 'all'}, 'duration': 120, 'category': 'theatre', 'name': 'National Concert Hall', 'geoLocation': {'latitude': 53.33472, 'longitude': -6.25922}, 'review': 4.6}, {'Price': 0.0, 'hours': {'closing': '2359', 'opening': '0'}, 'bestTimeToVisit': {'day': 'all', 'season': 'all'}, 'duration': 120, 'category': 'theatre', 'name': 'Ambassador Theatre', 'geoLocation': {'latitude': 53.35281, 'longitude': -6.26199}, 'review': 4.0}, {'Price': 0.0, 'hours': {'closing': '2359', 'opening': '0'}, 'bestTimeToVisit': {'day': 'all', 'season': 'all'}, 'duration': 120, 'category': 'theatre', 'name': '3Arena', 'geoLocation': {'latitude': 53.34751, 'longitude': -6.22848}, 'review': 4.5}]
True
True
True
True
True
Starting to plan trip
{"avgDuration": "6", "avgBudget": 1, "tags": ["lake", "", ""], "age": 0, "user_id": "5cae039eaade8e3f98632db7", "gender": "", "name": ""}
Tags present so content filtering
initial weights {'landmark': 0, 'shopping': 0, 'theatre': 0, 'restaurant': 0, 'nature': 0}
{'landmark': 0, 'shopping': 0, 'theatre': 0, 'restaurant': 0, 'nature': 1}
input category weights --  {'landmark': 0, 'shopping': 0, 'theatre': 0, 'restaurant': 0, 'nature': 1}
stored category weights --  {'landmark': 0, 'shopping': 0, 'theatre': 1, 'restaurant': 0, 'nature': 0}
final category weights {'landmark': 0.0, 'shopping': 0.0, 'theatre': 0.5, 'restaurant': 0.0, 'nature': 0.5}
{'landmark': 0.0, 'shopping': 0.0, 'theatre': 0.5, 'restaurant': 0.0, 'nature': 0.5}
User 5cae039eaade8e3f98632db7 updated successfully
5cae039eaade8e3f98632db7
('the available duration for ', 'landmark', ' is ', 0.0)
('the available duration for ', 'shopping', ' is ', 0.0)
('the available duration for ', 'theatre', ' is ', 180.0)
('the available duration for ', 'restaurant', ' is ', 0.0)
('the available duration for ', 'nature', ' is ', 180.0)
Trip plannning completed
5cae039eaade8e3f98632db7
[{'Price': 0.0, 'hours': {'closing': '2359', 'opening': '0'}, 'bestTimeToVisit': {'day': 'all', 'season': 'all'}, 'duration': 120, 'category': 'theatre', 'name': 'The Abbey Theatre Dublin', 'geoLocation': {'latitude': 53.34854, 'longitude': -6.25711}, 'review': 4.7}]
True
True
True
Starting to plan trip
{"avgDuration": "6", "tags": ["pubs", "", ""], "avgBudget": 0, "name": "asdasdasd", "age": "23", "user_id": "", "gender": "F"}
Creating a new user and fetching places
initial weights {'landmark': 0, 'shopping': 0, 'theatre': 0, 'restaurant': 0, 'nature': 0}
{'landmark': 0, 'shopping': 0, 'theatre': 0, 'restaurant': 1, 'nature': 0}
{'landmark': 0, 'shopping': 0, 'theatre': 0, 'restaurant': 1, 'nature': 0}
5cae054faade8e3f98632db8
True
('the available duration for ', 'landmark', ' is ', 0.0)
Starting to plan trip
('the available duration for ', 'shopping', ' is ', 0.0)
{"avgDuration": "6", "tags": ["pubs", "", ""], "avgBudget": 0, "name": "asdasdasd", "age": "23", "user_id": "", "gender": "F"}
('the available duration for ', 'theatre', ' is ', 0.0)
Creating a new user and fetching places
('the available duration for ', 'restaurant', ' is ', 360.0)
initial weights {'landmark': 0, 'shopping': 0, 'theatre': 0, 'restaurant': 0, 'nature': 0}
('the available duration for ', 'nature', ' is ', 0.0)
{'landmark': 0, 'shopping': 0, 'theatre': 0, 'restaurant': 1, 'nature': 0}
Trip plannning completed
{'landmark': 0, 'shopping': 0, 'theatre': 0, 'restaurant': 1, 'nature': 0}
5cae054faade8e3f98632db8
[]
5cae054faade8e3f98632db9
('the available duration for ', 'landmark', ' is ', 0.0)
('the available duration for ', 'shopping', ' is ', 0.0)
('the available duration for ', 'theatre', ' is ', 0.0)
('the available duration for ', 'restaurant', ' is ', 360.0)
('the available duration for ', 'nature', ' is ', 0.0)
Trip plannning completed
5cae054faade8e3f98632db9
[]
True
Starting to plan trip
{"avgDuration": "12", "avgBudget": 0, "tags": ["lake", "", ""], "age": 0, "user_id": "5cae054faade8e3f98632db9", "gender": "", "name": ""}
Tags present so content filtering
initial weights {'landmark': 0, 'shopping': 0, 'theatre': 0, 'restaurant': 0, 'nature': 0}
{'landmark': 0, 'shopping': 0, 'theatre': 0, 'restaurant': 0, 'nature': 1}
True
input category weights --  {'landmark': 0, 'shopping': 0, 'theatre': 0, 'restaurant': 0, 'nature': 1}
Starting to plan trip
stored category weights --  {'landmark': 0, 'shopping': 0, 'theatre': 0, 'restaurant': 1, 'nature': 0}
{"avgDuration": "12", "avgBudget": 0, "tags": ["lake", "", ""], "age": 0, "user_id": "5cae054faade8e3f98632db9", "gender": "", "name": ""}
final category weights {'landmark': 0.0, 'shopping': 0.0, 'theatre': 0.0, 'restaurant': 0.5, 'nature': 0.5}
{'landmark': 0.0, 'shopping': 0.0, 'theatre': 0.0, 'restaurant': 0.5, 'nature': 0.5}
Tags present so content filtering
initial weights {'landmark': 0, 'shopping': 0, 'theatre': 0, 'restaurant': 0, 'nature': 0}
User 5cae054faade8e3f98632db9 updated successfully
{'landmark': 0, 'shopping': 0, 'theatre': 0, 'restaurant': 0, 'nature': 1}
input category weights --  {'landmark': 0, 'shopping': 0, 'theatre': 0, 'restaurant': 0, 'nature': 1}
5cae054faade8e3f98632db9
stored category weights --  {'landmark': 0, 'shopping': 0, 'theatre': 0, 'restaurant': 1, 'nature': 0}
final category weights {'landmark': 0.0, 'shopping': 0.0, 'theatre': 0.0, 'restaurant': 0.5, 'nature': 0.5}
{'landmark': 0.0, 'shopping': 0.0, 'theatre': 0.0, 'restaurant': 0.5, 'nature': 0.5}
('the available duration for ', 'landmark', ' is ', 0.0)
('the available duration for ', 'shopping', ' is ', 0.0)
User 5cae054faade8e3f98632db9 updated successfully
('the available duration for ', 'theatre', ' is ', 0.0)
('the available duration for ', 'restaurant', ' is ', 360.0)
5cae054faade8e3f98632db9
('the available duration for ', 'nature', ' is ', 360.0)
Trip plannning completed
('the available duration for ', 'landmark', ' is ', 0.0)
5cae054faade8e3f98632db9
('the available duration for ', 'shopping', ' is ', 0.0)
[]
('the available duration for ', 'theatre', ' is ', 0.0)
('the available duration for ', 'restaurant', ' is ', 360.0)
('the available duration for ', 'nature', ' is ', 360.0)
Trip plannning completed
5cae054faade8e3f98632db9
[]
True
Starting to plan trip
{"avgDuration": "6", "avgBudget": 0, "tags": ["shoes", "", ""], "age": 0, "user_id": "5cae054faade8e3f98632db9", "gender": "", "name": ""}
Tags present so content filtering
initial weights {'landmark': 0, 'shopping': 0, 'theatre': 0, 'restaurant': 0, 'nature': 0}
{'landmark': 0, 'shopping': 1, 'theatre': 0, 'restaurant': 0, 'nature': 0}
input category weights --  {'landmark': 0, 'shopping': 1, 'theatre': 0, 'restaurant': 0, 'nature': 0}
True
stored category weights --  {'landmark': 0.0, 'shopping': 0.0, 'theatre': 0.0, 'restaurant': 0.5, 'nature': 0.5}
Starting to plan trip
final category weights {'landmark': 0.0, 'shopping': 0.5, 'theatre': 0.0, 'restaurant': 0.25, 'nature': 0.25}
{"avgDuration": "6", "avgBudget": 0, "tags": ["shoes", "", ""], "age": 0, "user_id": "5cae054faade8e3f98632db9", "gender": "", "name": ""}
{'landmark': 0.0, 'shopping': 0.5, 'theatre': 0.0, 'restaurant': 0.25, 'nature': 0.25}
Tags present so content filtering
initial weights {'landmark': 0, 'shopping': 0, 'theatre': 0, 'restaurant': 0, 'nature': 0}
{'landmark': 0, 'shopping': 1, 'theatre': 0, 'restaurant': 0, 'nature': 0}
input category weights --  {'landmark': 0, 'shopping': 1, 'theatre': 0, 'restaurant': 0, 'nature': 0}
stored category weights --  {'landmark': 0.0, 'shopping': 0.0, 'theatre': 0.0, 'restaurant': 0.5, 'nature': 0.5}
final category weights {'landmark': 0.0, 'shopping': 0.5, 'theatre': 0.0, 'restaurant': 0.25, 'nature': 0.25}
{'landmark': 0.0, 'shopping': 0.5, 'theatre': 0.0, 'restaurant': 0.25, 'nature': 0.25}
User 5cae054faade8e3f98632db9 updated successfully
User 5cae054faade8e3f98632db9 updated successfully
5cae054faade8e3f98632db9
5cae054faade8e3f98632db9
('the available duration for ', 'landmark', ' is ', 0.0)
('the available duration for ', 'shopping', ' is ', 180.0)
('the available duration for ', 'theatre', ' is ', 0.0)
('the available duration for ', 'landmark', ' is ', 0.0)
('the available duration for ', 'restaurant', ' is ', 90.0)
('the available duration for ', 'shopping', ' is ', 180.0)
('the available duration for ', 'nature', ' is ', 90.0)
('the available duration for ', 'theatre', ' is ', 0.0)
Trip plannning completed
('the available duration for ', 'restaurant', ' is ', 90.0)
5cae054faade8e3f98632db9
('the available duration for ', 'nature', ' is ', 90.0)
[{'Price': 0.0, 'hours': {'closing': '1830', 'opening': '900'}, 'bestTimeToVisit': {'day': 'afternoon', 'season': 'all'}, 'duration': 30, 'category': 'shopping', 'name': 'Ilac Shopping Centre', 'geoLocation': {'latitude': 53.35041, 'longitude': -6.2628}, 'review': 4.0}, {'Price': 0.0, 'hours': {'closing': '1830', 'opening': '900'}, 'bestTimeToVisit': {'day': 'afternoon', 'season': 'all'}, 'duration': 60, 'category': 'shopping', 'name': 'Jervis Shopping Centre', 'geoLocation': {'latitude': 53.34854, 'longitude': -6.26522}, 'review': 4.2}, {'Price': 0.0, 'hours': {'closing': '2300', 'opening': '800'}, 'bestTimeToVisit': {'day': 'afternoon', 'season': 'all'}, 'duration': 30, 'category': 'shopping', 'name': 'Point Square Dublin', 'geoLocation': {'latitude': 53.34837, 'longitude': -6.22837}, 'review': 4.0}, {'Price': 0.0, 'hours': {'closing': '1830', 'opening': '900'}, 'bestTimeToVisit': {'day': 'afternoon', 'season': 'all'}, 'duration': 30, 'category': 'shopping', 'name': "George's Street Arcade", 'geoLocation': {'latitude': 53.34248, 'longitude': -6.26391}, 'review': 4.2}, {'Price': 0.0, 'hours': {'closing': '1900', 'opening': '900'}, 'bestTimeToVisit': {'day': 'afternoon', 'season': 'all'}, 'duration': 30, 'category': 'shopping', 'name': "Stephen's Green Shopping Centre", 'geoLocation': {'latitude': 53.34014, 'longitude': -6.26142}, 'review': 4.1}]
Trip plannning completed
5cae054faade8e3f98632db9
[{'Price': 0.0, 'hours': {'closing': '1800', 'opening': '1000'}, 'bestTimeToVisit': {'day': 'afternoon', 'season': 'all'}, 'duration': 45, 'category': 'shopping', 'name': 'Powerscourt Centre', 'geoLocation': {'latitude': 53.34214, 'longitude': -6.26122}, 'review': 4.3}, {'Price': 0.0, 'hours': {'closing': '1800', 'opening': '800'}, 'bestTimeToVisit': {'day': 'afternoon', 'season': 'all'}, 'duration': 45, 'category': 'shopping', 'name': 'The Westbury Mall', 'geoLocation': {'latitude': 53.34166, 'longitude': -6.26069}, 'review': 4.3}, {'Price': 0.0, 'hours': {'closing': '1830', 'opening': '900'}, 'bestTimeToVisit': {'day': 'afternoon', 'season': 'all'}, 'duration': 60, 'category': 'shopping', 'name': 'Jervis Shopping Centre', 'geoLocation': {'latitude': 53.34854, 'longitude': -6.26522}, 'review': 4.2}, {'Price': 0.0, 'hours': {'closing': '2100', 'opening': '900'}, 'bestTimeToVisit': {'day': 'afternoon', 'season': 'all'}, 'duration': 30, 'category': 'shopping', 'name': 'Swan Shopping Center', 'geoLocation': {'latitude': 53.32314, 'longitude': -6.26493}, 'review': 3.9}]
True
True
True
Starting to plan trip
{"avgDuration": "6", "avgBudget": 0, "tags": ["movie", "", ""], "age": 0, "user_id": "5cae054faade8e3f98632db9", "gender": "", "name": ""}
Tags present so content filtering
initial weights {'landmark': 0, 'shopping': 0, 'theatre': 0, 'restaurant': 0, 'nature': 0}
{'landmark': 0, 'shopping': 0, 'theatre': 1, 'restaurant': 0, 'nature': 0}
input category weights --  {'landmark': 0, 'shopping': 0, 'theatre': 1, 'restaurant': 0, 'nature': 0}
stored category weights --  {'landmark': 0.0, 'shopping': 0.5, 'theatre': 0.0, 'restaurant': 0.25, 'nature': 0.25}
final category weights {'landmark': 0.0, 'shopping': 0.25, 'theatre': 0.5, 'restaurant': 0.12, 'nature': 0.12}
{'landmark': 0.0, 'shopping': 0.25, 'theatre': 0.5, 'restaurant': 0.12, 'nature': 0.12}
User 5cae054faade8e3f98632db9 updated successfully
5cae054faade8e3f98632db9
('the available duration for ', 'landmark', ' is ', 0.0)
('the available duration for ', 'shopping', ' is ', 90.9090909090909)
('the available duration for ', 'theatre', ' is ', 181.8181818181818)
('the available duration for ', 'restaurant', ' is ', 43.63636363636364)
('the available duration for ', 'nature', ' is ', 43.63636363636364)
Trip plannning completed
5cae054faade8e3f98632db9
[{'Price': 0.0, 'hours': {'closing': '1830', 'opening': '900'}, 'bestTimeToVisit': {'day': 'afternoon', 'season': 'all'}, 'duration': 30, 'category': 'shopping', 'name': "George's Street Arcade", 'geoLocation': {'latitude': 53.34248, 'longitude': -6.26391}, 'review': 4.2}, {'Price': 0.0, 'hours': {'closing': '1900', 'opening': '900'}, 'bestTimeToVisit': {'day': 'afternoon', 'season': 'all'}, 'duration': 30, 'category': 'shopping', 'name': "Stephen's Green Shopping Centre", 'geoLocation': {'latitude': 53.34014, 'longitude': -6.26142}, 'review': 4.1}, {'Price': 0.0, 'hours': {'closing': '2300', 'opening': '800'}, 'bestTimeToVisit': {'day': 'afternoon', 'season': 'all'}, 'duration': 30, 'category': 'shopping', 'name': 'Point Square Dublin', 'geoLocation': {'latitude': 53.34837, 'longitude': -6.22837}, 'review': 4.0}, {'Price': 0.0, 'hours': {'closing': '2359', 'opening': '0'}, 'bestTimeToVisit': {'day': 'all', 'season': 'all'}, 'duration': 120, 'category': 'theatre', 'name': 'The Academy', 'geoLocation': {'latitude': 53.34805, 'longitude': -6.26185}, 'review': 4.2}]
True
Starting to plan trip
{"avgDuration": "6", "avgBudget": 0, "tags": ["movie", "", ""], "age": 0, "user_id": "5cae054faade8e3f98632db9", "gender": "", "name": ""}
Tags present so content filtering
initial weights {'landmark': 0, 'shopping': 0, 'theatre': 0, 'restaurant': 0, 'nature': 0}
{'landmark': 0, 'shopping': 0, 'theatre': 1, 'restaurant': 0, 'nature': 0}
input category weights --  {'landmark': 0, 'shopping': 0, 'theatre': 1, 'restaurant': 0, 'nature': 0}
stored category weights --  {'landmark': 0.0, 'shopping': 0.25, 'theatre': 0.5, 'restaurant': 0.12, 'nature': 0.12}
final category weights {'landmark': 0.0, 'shopping': 0.12, 'theatre': 0.75, 'restaurant': 0.06, 'nature': 0.06}
{'landmark': 0.0, 'shopping': 0.12, 'theatre': 0.75, 'restaurant': 0.06, 'nature': 0.06}
User 5cae054faade8e3f98632db9 updated successfully
5cae054faade8e3f98632db9
('the available duration for ', 'landmark', ' is ', 0.0)
('the available duration for ', 'shopping', ' is ', 43.63636363636364)
('the available duration for ', 'theatre', ' is ', 272.7272727272727)
('the available duration for ', 'restaurant', ' is ', 21.81818181818182)
('the available duration for ', 'nature', ' is ', 21.81818181818182)
Trip plannning completed
5cae054faade8e3f98632db9
[{'Price': 0.0, 'hours': {'closing': '2100', 'opening': '900'}, 'bestTimeToVisit': {'day': 'afternoon', 'season': 'all'}, 'duration': 30, 'category': 'shopping', 'name': 'Swan Shopping Center', 'geoLocation': {'latitude': 53.32314, 'longitude': -6.26493}, 'review': 3.9}, {'Price': 0.0, 'hours': {'closing': '2359', 'opening': '0'}, 'bestTimeToVisit': {'day': 'all', 'season': 'all'}, 'duration': 120, 'category': 'theatre', 'name': 'National Concert Hall', 'geoLocation': {'latitude': 53.33472, 'longitude': -6.25922}, 'review': 4.6}, {'Price': 0.0, 'hours': {'closing': '2359', 'opening': '0'}, 'bestTimeToVisit': {'day': 'all', 'season': 'all'}, 'duration': 120, 'category': 'theatre', 'name': 'Olympia Theatre', 'geoLocation': {'latitude': 53.34432, 'longitude': -6.26611}, 'review': 4.5}]
True
Starting to plan trip
{"avgDuration": "6", "avgBudget": 0, "tags": ["movie", "", ""], "age": 0, "user_id": "5cae054faade8e3f98632db9", "gender": "", "name": ""}
Tags present so content filtering
initial weights {'landmark': 0, 'shopping': 0, 'theatre': 0, 'restaurant': 0, 'nature': 0}
{'landmark': 0, 'shopping': 0, 'theatre': 1, 'restaurant': 0, 'nature': 0}
input category weights --  {'landmark': 0, 'shopping': 0, 'theatre': 1, 'restaurant': 0, 'nature': 0}
stored category weights --  {'landmark': 0.0, 'shopping': 0.12, 'theatre': 0.75, 'restaurant': 0.06, 'nature': 0.06}
final category weights {'landmark': 0.0, 'shopping': 0.06, 'theatre': 0.88, 'restaurant': 0.03, 'nature': 0.03}
{'landmark': 0.0, 'shopping': 0.06, 'theatre': 0.88, 'restaurant': 0.03, 'nature': 0.03}
User 5cae054faade8e3f98632db9 updated successfully
5cae054faade8e3f98632db9
('the available duration for ', 'landmark', ' is ', 0.0)
('the available duration for ', 'shopping', ' is ', 21.599999999999998)
('the available duration for ', 'theatre', ' is ', 316.8)
('the available duration for ', 'restaurant', ' is ', 10.799999999999999)
('the available duration for ', 'nature', ' is ', 10.799999999999999)
Trip plannning completed
5cae054faade8e3f98632db9
[{'Price': 0.0, 'hours': {'closing': '2359', 'opening': '0'}, 'bestTimeToVisit': {'day': 'all', 'season': 'all'}, 'duration': 120, 'category': 'theatre', 'name': 'Ambassador Theatre', 'geoLocation': {'latitude': 53.35281, 'longitude': -6.26199}, 'review': 4.0}, {'Price': 0.0, 'hours': {'closing': '2359', 'opening': '0'}, 'bestTimeToVisit': {'day': 'all', 'season': 'all'}, 'duration': 120, 'category': 'theatre', 'name': '3Arena', 'geoLocation': {'latitude': 53.34751, 'longitude': -6.22848}, 'review': 4.5}]
True
Starting to plan trip
{"avgDuration": "6", "avgBudget": 0, "tags": ["movie", "", ""], "age": 0, "user_id": "5cae054faade8e3f98632db9", "gender": "", "name": ""}
Tags present so content filtering
initial weights {'landmark': 0, 'shopping': 0, 'theatre': 0, 'restaurant': 0, 'nature': 0}
{'landmark': 0, 'shopping': 0, 'theatre': 1, 'restaurant': 0, 'nature': 0}
input category weights --  {'landmark': 0, 'shopping': 0, 'theatre': 1, 'restaurant': 0, 'nature': 0}
stored category weights --  {'landmark': 0.0, 'shopping': 0.06, 'theatre': 0.88, 'restaurant': 0.03, 'nature': 0.03}
final category weights {'landmark': 0.0, 'shopping': 0.03, 'theatre': 0.94, 'restaurant': 0.01, 'nature': 0.01}
{'landmark': 0.0, 'shopping': 0.03, 'theatre': 0.94, 'restaurant': 0.01, 'nature': 0.01}
User 5cae054faade8e3f98632db9 updated successfully
5cae054faade8e3f98632db9
('the available duration for ', 'landmark', ' is ', 0.0)
('the available duration for ', 'shopping', ' is ', 10.90909090909091)
('the available duration for ', 'theatre', ' is ', 341.8181818181818)
('the available duration for ', 'restaurant', ' is ', 3.6363636363636367)
('the available duration for ', 'nature', ' is ', 3.6363636363636367)
Trip plannning completed
5cae054faade8e3f98632db9
[{'Price': 0.0, 'hours': {'closing': '2359', 'opening': '0'}, 'bestTimeToVisit': {'day': 'all', 'season': 'all'}, 'duration': 120, 'category': 'theatre', 'name': 'Bord Gáis Energy Theatre', 'geoLocation': {'latitude': 53.3442, 'longitude': -6.24027}, 'review': 4.6}, {'Price': 0.0, 'hours': {'closing': '2359', 'opening': '0'}, 'bestTimeToVisit': {'day': 'all', 'season': 'all'}, 'duration': 120, 'category': 'theatre', 'name': 'Olympia Theatre', 'geoLocation': {'latitude': 53.34432, 'longitude': -6.26611}, 'review': 4.5}]
True
Starting to plan trip
{"avgDuration": "6", "avgBudget": 0, "tags": ["movie", "", ""], "age": 0, "user_id": "5cae054faade8e3f98632db9", "gender": "", "name": ""}
Tags present so content filtering
initial weights {'landmark': 0, 'shopping': 0, 'theatre': 0, 'restaurant': 0, 'nature': 0}
{'landmark': 0, 'shopping': 0, 'theatre': 1, 'restaurant': 0, 'nature': 0}
input category weights --  {'landmark': 0, 'shopping': 0, 'theatre': 1, 'restaurant': 0, 'nature': 0}
stored category weights --  {'landmark': 0.0, 'shopping': 0.03, 'theatre': 0.94, 'restaurant': 0.01, 'nature': 0.01}
final category weights {'landmark': 0.0, 'shopping': 0.01, 'theatre': 0.97, 'restaurant': 0.01, 'nature': 0.01}
{'landmark': 0.0, 'shopping': 0.01, 'theatre': 0.97, 'restaurant': 0.01, 'nature': 0.01}
User 5cae054faade8e3f98632db9 updated successfully
5cae054faade8e3f98632db9
('the available duration for ', 'landmark', ' is ', 0.0)
('the available duration for ', 'shopping', ' is ', 3.5999999999999996)
('the available duration for ', 'theatre', ' is ', 349.20000000000005)
('the available duration for ', 'restaurant', ' is ', 3.5999999999999996)
('the available duration for ', 'nature', ' is ', 3.5999999999999996)
Trip plannning completed
5cae054faade8e3f98632db9
[{'Price': 0.0, 'hours': {'closing': '2359', 'opening': '0'}, 'bestTimeToVisit': {'day': 'all', 'season': 'all'}, 'duration': 120, 'category': 'theatre', 'name': 'The Academy', 'geoLocation': {'latitude': 53.34805, 'longitude': -6.26185}, 'review': 4.2}, {'Price': 0.0, 'hours': {'closing': '2359', 'opening': '0'}, 'bestTimeToVisit': {'day': 'all', 'season': 'all'}, 'duration': 120, 'category': 'theatre', 'name': 'Olympia Theatre', 'geoLocation': {'latitude': 53.34432, 'longitude': -6.26611}, 'review': 4.5}]
True
Starting to plan trip
{"avgDuration": "6", "avgBudget": 0, "tags": ["play", "", ""], "age": 0, "user_id": "5cae054faade8e3f98632db9", "gender": "", "name": ""}
Tags present so content filtering
initial weights {'landmark': 0, 'shopping': 0, 'theatre': 0, 'restaurant': 0, 'nature': 0}
{'landmark': 0, 'shopping': 0, 'theatre': 1, 'restaurant': 0, 'nature': 0}
input category weights --  {'landmark': 0, 'shopping': 0, 'theatre': 1, 'restaurant': 0, 'nature': 0}
stored category weights --  {'landmark': 0.0, 'shopping': 0.01, 'theatre': 0.97, 'restaurant': 0.01, 'nature': 0.01}
final category weights {'landmark': 0.0, 'shopping': 0.01, 'theatre': 0.98, 'restaurant': 0.01, 'nature': 0.01}
{'landmark': 0.0, 'shopping': 0.01, 'theatre': 0.98, 'restaurant': 0.01, 'nature': 0.01}
User 5cae054faade8e3f98632db9 updated successfully
5cae054faade8e3f98632db9
('the available duration for ', 'landmark', ' is ', 0.0)
('the available duration for ', 'shopping', ' is ', 3.564356435643564)
('the available duration for ', 'theatre', ' is ', 349.3069306930693)
('the available duration for ', 'restaurant', ' is ', 3.564356435643564)
('the available duration for ', 'nature', ' is ', 3.564356435643564)
Trip plannning completed
5cae054faade8e3f98632db9
[{'Price': 0.0, 'hours': {'closing': '2359', 'opening': '0'}, 'bestTimeToVisit': {'day': 'all', 'season': 'all'}, 'duration': 120, 'category': 'theatre', 'name': 'Gaiety Theatre', 'geoLocation': {'latitude': 53.34045, 'longitude': -6.26157}, 'review': 4.5}, {'Price': 0.0, 'hours': {'closing': '2359', 'opening': '0'}, 'bestTimeToVisit': {'day': 'all', 'season': 'all'}, 'duration': 120, 'category': 'theatre', 'name': 'The Abbey Theatre Dublin', 'geoLocation': {'latitude': 53.34854, 'longitude': -6.25711}, 'review': 4.7}]
True
Starting to plan trip
{"avgDuration": "6", "avgBudget": 0, "tags": ["", "", ""], "age": 0, "user_id": "5cae054faade8e3f98632db9", "gender": "", "name": ""}
Tags present so content filtering
initial weights {'landmark': 0, 'shopping': 0, 'theatre': 0, 'restaurant': 0, 'nature': 0}
{'landmark': 0, 'shopping': 0, 'theatre': 0, 'restaurant': 0, 'nature': 0}
input category weights --  {'landmark': 0, 'shopping': 0, 'theatre': 0, 'restaurant': 0, 'nature': 0}
stored category weights --  {'landmark': 0.0, 'shopping': 0.01, 'theatre': 0.98, 'restaurant': 0.01, 'nature': 0.01}
final category weights {'landmark': 0.0, 'shopping': 0.01, 'theatre': 0.49, 'restaurant': 0.01, 'nature': 0.01}
{'landmark': 0.0, 'shopping': 0.01, 'theatre': 0.49, 'restaurant': 0.01, 'nature': 0.01}
User 5cae054faade8e3f98632db9 updated successfully
5cae054faade8e3f98632db9
('the available duration for ', 'landmark', ' is ', 0.0)
('the available duration for ', 'shopping', ' is ', 6.923076923076923)
('the available duration for ', 'theatre', ' is ', 339.23076923076917)
('the available duration for ', 'restaurant', ' is ', 6.923076923076923)
('the available duration for ', 'nature', ' is ', 6.923076923076923)
Trip plannning completed
5cae054faade8e3f98632db9
[{'Price': 0.0, 'hours': {'closing': '2359', 'opening': '0'}, 'bestTimeToVisit': {'day': 'all', 'season': 'all'}, 'duration': 120, 'category': 'theatre', 'name': 'The Academy', 'geoLocation': {'latitude': 53.34805, 'longitude': -6.26185}, 'review': 4.2}, {'Price': 0.0, 'hours': {'closing': '2359', 'opening': '0'}, 'bestTimeToVisit': {'day': 'all', 'season': 'all'}, 'duration': 120, 'category': 'theatre', 'name': 'Olympia Theatre', 'geoLocation': {'latitude': 53.34432, 'longitude': -6.26611}, 'review': 4.5}]
True
Starting to plan trip
{"avgDuration": "6", "avgBudget": 0, "tags": [], "age": 0, "user_id": "5cae054faade8e3f98632db9", "gender": "", "name": ""}
Tags present so content filtering
initial weights {'landmark': 0, 'shopping': 0, 'theatre': 0, 'restaurant': 0, 'nature': 0}
{'landmark': 0, 'shopping': 0, 'theatre': 0, 'restaurant': 0, 'nature': 0}
input category weights --  {'landmark': 0, 'shopping': 0, 'theatre': 0, 'restaurant': 0, 'nature': 0}
stored category weights --  {'landmark': 0.0, 'shopping': 0.01, 'theatre': 0.49, 'restaurant': 0.01, 'nature': 0.01}
final category weights {'landmark': 0.0, 'shopping': 0.01, 'theatre': 0.24, 'restaurant': 0.01, 'nature': 0.01}
{'landmark': 0.0, 'shopping': 0.01, 'theatre': 0.24, 'restaurant': 0.01, 'nature': 0.01}
User 5cae054faade8e3f98632db9 updated successfully
5cae054faade8e3f98632db9
('the available duration for ', 'landmark', ' is ', 0.0)
('the available duration for ', 'shopping', ' is ', 13.333333333333332)
('the available duration for ', 'theatre', ' is ', 320.0)
('the available duration for ', 'restaurant', ' is ', 13.333333333333332)
('the available duration for ', 'nature', ' is ', 13.333333333333332)
Trip plannning completed
5cae054faade8e3f98632db9
[{'Price': 0.0, 'hours': {'closing': '2359', 'opening': '0'}, 'bestTimeToVisit': {'day': 'all', 'season': 'all'}, 'duration': 120, 'category': 'theatre', 'name': 'Liberty Hall Theatre', 'geoLocation': {'latitude': 53.34981, 'longitude': -6.26031}, 'review': 4.3}, {'Price': 0.0, 'hours': {'closing': '2359', 'opening': '0'}, 'bestTimeToVisit': {'day': 'all', 'season': 'all'}, 'duration': 120, 'category': 'theatre', 'name': '3Arena', 'geoLocation': {'latitude': 53.34751, 'longitude': -6.22848}, 'review': 4.5}]
True
Starting to plan trip
{"tags": [], "gender": "", "name": "", "age": 0, "avgDuration": "6", "user_id": "5cadf2d7aade8e2bd4ef49b3", "avgBudget": 0}
No tags so collab filtering
Collab filtering invoked
user current weights --  {'shopping': 0.01, 'landmark': 0.14, 'nature': 0.14, 'restaurant': 0.12, 'theatre': 0.01}
[{'$match': {'gender': 'F', 'avgDuration': '6', 'age': {'$lte': 29, '$gte': 19}, 'avgBudget': 0}}, {'$group': {'restaurant': {'$avg': '$categories.restaurant'}, 'shopping': {'$avg': '$categories.shopping'}, 'landmark': {'$avg': '$categories.landmark'}, 'nature': {'$avg': '$categories.nature'}, 'theatre': {'$avg': '$categories.theatre'}, '_id': 0}}]
similar user weights --  []
True
Starting to plan trip
{"gender": "", "avgBudget": 0, "tags": ["pubs", "play", "movie"], "user_id": "5cadf2d7aade8e2bd4ef49b3", "avgDuration": "6", "age": 0, "name": ""}
Tags present so content filtering
initial weights {'theatre': 0, 'nature': 0, 'shopping': 0, 'restaurant': 0, 'landmark': 0}
{'nature': 0, 'landmark': 0, 'shopping': 0, 'theatre': 2, 'restaurant': 1}
input category weights --  {'nature': 0, 'landmark': 0, 'shopping': 0, 'theatre': 2, 'restaurant': 1}
stored category weights --  {'theatre': 0.01, 'nature': 0.14, 'restaurant': 0.12, 'shopping': 0.01, 'landmark': 0.14}
final category weights {'theatre': 1.0, 'nature': 0.07, 'shopping': 0.01, 'landmark': 0.07, 'restaurant': 0.56}
{'theatre': 1.0, 'nature': 0.07, 'shopping': 0.01, 'landmark': 0.07, 'restaurant': 0.56}
User 5cadf2d7aade8e2bd4ef49b3 updated successfully
5cadf2d7aade8e2bd4ef49b3
('the available duration for ', 'theatre', ' is ', 210.52631578947367)
('the available duration for ', 'nature', ' is ', 14.736842105263158)
('the available duration for ', 'shopping', ' is ', 2.1052631578947367)
('the available duration for ', 'landmark', ' is ', 14.736842105263158)
('the available duration for ', 'restaurant', ' is ', 117.89473684210526)
Trip plannning completed
5cadf2d7aade8e2bd4ef49b3
[{'geoLocation': {'latitude': 53.33472, 'longitude': -6.25922}, 'duration': 120, 'hours': {'closing': '2359', 'opening': '0'}, 'Price': 0.0, 'review': 4.6, 'bestTimeToVisit': {'season': 'all', 'day': 'all'}, 'category': 'theatre', 'name': 'National Concert Hall'}, {'geoLocation': {'latitude': 53.34381, 'longitude': -6.26099}, 'duration': 10, 'hours': {'closing': '2359', 'opening': '0'}, 'Price': 0.0, 'review': 4.3, 'bestTimeToVisit': {'season': 'summer', 'day': 'morning'}, 'category': 'landmark', 'name': 'Molly Malone Statue'}]
True
Starting to plan trip
{"gender": "", "avgBudget": 0, "tags": [], "user_id": "5cadf2d7aade8e2bd4ef49b3", "avgDuration": "6", "age": 0, "name": ""}
No tags so collab filtering
Collab filtering invoked
user current weights --  {'nature': 0.07, 'shopping': 0.01, 'restaurant': 0.56, 'theatre': 1.0, 'landmark': 0.07}
[{'$match': {'gender': 'F', 'avgBudget': '0', 'avgDuration': '6', 'age': {'$gte': 19, '$lte': 29}}}, {'$group': {'_id': 0, 'restaurant': {'$avg': '$categories.restaurant'}, 'theatre': {'$avg': '$categories.theatre'}, 'landmark': {'$avg': '$categories.landmark'}, 'nature': {'$avg': '$categories.nature'}, 'shopping': {'$avg': '$categories.shopping'}}}]
similar user weights --  []
True
Starting to plan trip
{"user_id": "5cadf2d7aade8e2bd4ef49b3", "avgBudget": 0, "avgDuration": "6", "age": 0, "gender": "", "tags": [], "name": ""}
No tags so collab filtering
Collab filtering invoked
user current weights --  {'theatre': 1.0, 'nature': 0.07, 'landmark': 0.07, 'shopping': 0.01, 'restaurant': 0.56}
[{'$match': {'age': {'$lte': 29, '$gte': 19}, 'avgDuration': '6', 'gender': 'F', 'avgBudget': '1'}}, {'$group': {'theatre': {'$avg': '$categories.theatre'}, '_id': 0, 'nature': {'$avg': '$categories.nature'}, 'landmark': {'$avg': '$categories.landmark'}, 'shopping': {'$avg': '$categories.shopping'}, 'restaurant': {'$avg': '$categories.restaurant'}}}]
similar user weights --  [{'theatre': 2.4861337683523654, '_id': 0, 'nature': 2.5554649265905383, 'landmark': 2.4567699836867862, 'shopping': 2.4494290375203915, 'restaurant': 2.495921696574225}]
final category weights {'theatre': 1.99, 'nature': 1.33, 'landmark': 1.28, 'shopping': 1.23, 'restaurant': 1.67}
{'theatre': 1.99, 'nature': 1.33, 'landmark': 1.28, 'shopping': 1.23, 'restaurant': 1.67}
5cadf2d7aade8e2bd4ef49b3
('the available duration for ', 'theatre', ' is ', 95.52)
('the available duration for ', 'nature', ' is ', 63.84)
('the available duration for ', 'landmark', ' is ', 61.44)
('the available duration for ', 'shopping', ' is ', 59.04)
('the available duration for ', 'restaurant', ' is ', 80.16)
Trip plannning completed
5cadf2d7aade8e2bd4ef49b3
[{'category': 'landmark', 'hours': {'closing': '2359', 'opening': '0'}, 'duration': 60, 'bestTimeToVisit': {'day': 'night', 'season': 'summer'}, 'Price': 0.0, 'review': 4.5, 'geoLocation': {'latitude': 53.34525, 'longitude': -6.26745}, 'name': 'Temple Bar Area'}, {'category': 'shopping', 'hours': {'closing': '2100', 'opening': '900'}, 'duration': 30, 'bestTimeToVisit': {'day': 'afternoon', 'season': 'all'}, 'Price': 0.0, 'review': 3.9, 'geoLocation': {'latitude': 53.32314, 'longitude': -6.26493}, 'name': 'Swan Shopping Center'}]
True
Starting to plan trip
{"user_id": "5cadf2d7aade8e2bd4ef49b3", "avgBudget": 1, "avgDuration": "6", "age": 0, "gender": "", "tags": [], "name": ""}
No tags so collab filtering
Collab filtering invoked
user current weights --  {'theatre': 1.0, 'nature': 0.07, 'landmark': 0.07, 'shopping': 0.01, 'restaurant': 0.56}
[{'$match': {'age': {'$lte': 29, '$gte': 19}, 'avgDuration': '6', 'gender': 'F', 'avgBudget': '2'}}, {'$group': {'theatre': {'$avg': '$categories.theatre'}, '_id': 0, 'nature': {'$avg': '$categories.nature'}, 'landmark': {'$avg': '$categories.landmark'}, 'shopping': {'$avg': '$categories.shopping'}, 'restaurant': {'$avg': '$categories.restaurant'}}}]
similar user weights --  [{'theatre': 2.4986853637160387, '_id': 0, 'nature': 2.339176161262051, 'landmark': 2.621384750219106, 'shopping': 2.4425942156003506, 'restaurant': 2.4496056091148115}]
final category weights {'theatre': 2.0, 'nature': 1.22, 'landmark': 1.36, 'shopping': 1.23, 'restaurant': 1.64}
{'theatre': 2.0, 'nature': 1.22, 'landmark': 1.36, 'shopping': 1.23, 'restaurant': 1.64}
5cadf2d7aade8e2bd4ef49b3
('the available duration for ', 'theatre', ' is ', 96.64429530201342)
('the available duration for ', 'nature', ' is ', 58.95302013422819)
('the available duration for ', 'landmark', ' is ', 65.71812080536913)
('the available duration for ', 'shopping', ' is ', 59.43624161073825)
('the available duration for ', 'restaurant', ' is ', 79.248322147651)
Trip plannning completed
5cadf2d7aade8e2bd4ef49b3
[{'category': 'landmark', 'hours': {'closing': '2359', 'opening': '0'}, 'duration': 10, 'bestTimeToVisit': {'day': 'morning', 'season': 'summer'}, 'Price': 0.0, 'review': 4.3, 'geoLocation': {'latitude': 53.34381, 'longitude': -6.26099}, 'name': 'Molly Malone Statue'}, {'category': 'landmark', 'hours': {'closing': '2359', 'opening': '0'}, 'duration': 15, 'bestTimeToVisit': {'day': 'evening', 'season': 'summer'}, 'Price': 0.0, 'review': 4.6, 'geoLocation': {'latitude': 53.34711, 'longitude': -6.2414}, 'name': 'Samuel Beckett Bridge'}, {'category': 'landmark', 'hours': {'closing': '1700', 'opening': '900'}, 'duration': 30, 'bestTimeToVisit': {'day': 'morning', 'season': 'winter'}, 'Price': 1.0, 'review': 4.4, 'geoLocation': {'latitude': 53.34888, 'longitude': -6.25313}, 'name': 'The Custom House'}, {'category': 'shopping', 'hours': {'closing': '2100', 'opening': '900'}, 'duration': 30, 'bestTimeToVisit': {'day': 'afternoon', 'season': 'all'}, 'Price': 0.0, 'review': 3.9, 'geoLocation': {'latitude': 53.32314, 'longitude': -6.26493}, 'name': 'Swan Shopping Center'}]
True
Starting to plan trip
{"user_id": "5cadf2d7aade8e2bd4ef49b3", "age": 0, "tags": [], "avgDuration": "6", "gender": "", "name": "", "avgBudget": 1}
No tags so collab filtering
Collab filtering invoked
user current weights --  {'nature': 0.07, 'restaurant': 0.56, 'landmark': 0.07, 'shopping': 0.01, 'theatre': 1.0}
[{'$match': {'avgDuration': '6', 'age': {'$gte': 19, '$lte': 29}, 'gender': 'F', 'avgBudget': '2'}}, {'$group': {'theatre': {'$avg': '$categories.theatre'}, 'nature': {'$avg': '$categories.nature'}, 'restaurant': {'$avg': '$categories.restaurant'}, 'landmark': {'$avg': '$categories.landmark'}, '_id': 0, 'shopping': {'$avg': '$categories.shopping'}}}]
similar user weights --  [{'restaurant': 2.4496056091148115, 'nature': 2.339176161262051, 'theatre': 2.4986853637160387, 'landmark': 2.621384750219106, '_id': 0, 'shopping': 2.4425942156003506}]
final category weights {'nature': 1.22, 'restaurant': 1.64, 'landmark': 1.36, 'theatre': 2.0, 'shopping': 1.23}
{'nature': 1.22, 'restaurant': 1.64, 'landmark': 1.36, 'theatre': 2.0, 'shopping': 1.23}
5cadf2d7aade8e2bd4ef49b3
('the available duration for ', 'nature', ' is ', 58.9530201342282)
('the available duration for ', 'restaurant', ' is ', 79.24832214765101)
('the available duration for ', 'landmark', ' is ', 65.71812080536913)
('the available duration for ', 'theatre', ' is ', 96.64429530201342)
('the available duration for ', 'shopping', ' is ', 59.43624161073825)
Trip plannning completed
5cadf2d7aade8e2bd4ef49b3
[{'bestTimeToVisit': {'season': 'summer', 'day': 'evening'}, 'duration': 15, 'hours': {'opening': '0', 'closing': '2359'}, 'category': 'landmark', 'geoLocation': {'longitude': -6.26026, 'latitude': 53.35003}, 'review': 4.1, 'name': 'Spire', 'Price': 0.0}, {'bestTimeToVisit': {'season': 'winter', 'day': 'morning'}, 'duration': 30, 'hours': {'opening': '900', 'closing': '1700'}, 'category': 'landmark', 'geoLocation': {'longitude': -6.25313, 'latitude': 53.34888}, 'review': 4.4, 'name': 'The Custom House', 'Price': 1.0}, {'bestTimeToVisit': {'season': 'summer', 'day': 'morning'}, 'duration': 10, 'hours': {'opening': '0', 'closing': '2359'}, 'category': 'landmark', 'geoLocation': {'longitude': -6.26099, 'latitude': 53.34381}, 'review': 4.3, 'name': 'Molly Malone Statue', 'Price': 0.0}, {'bestTimeToVisit': {'season': 'all', 'day': 'afternoon'}, 'duration': 30, 'hours': {'opening': '800', 'closing': '2300'}, 'category': 'shopping', 'geoLocation': {'longitude': -6.22837, 'latitude': 53.34837}, 'review': 4.0, 'name': 'Point Square Dublin', 'Price': 0.0}]
True
Starting to plan trip
{"tags": [], "user_id": "5cadf2d7aade8e2bd4ef49b3", "avgDuration": "6", "avgBudget": 1, "gender": "", "age": 0, "name": ""}
No tags so collab filtering
Collab filtering invoked
user current weights --  {'shopping': 0.01, 'restaurant': 0.56, 'landmark': 0.07, 'nature': 0.07, 'theatre': 1.0}
[{'$match': {'age': {'$gte': 19, '$lte': 29}, 'avgDuration': '6', 'avgBudget': '2', 'gender': 'F'}}, {'$group': {'landmark': {'$avg': '$categories.landmark'}, '_id': 0, 'theatre': {'$avg': '$categories.theatre'}, 'shopping': {'$avg': '$categories.shopping'}, 'restaurant': {'$avg': '$categories.restaurant'}, 'nature': {'$avg': '$categories.nature'}}}]
similar user weights --  [{'landmark': 2.621384750219106, '_id': 0, 'theatre': 2.4986853637160387, 'shopping': 2.4425942156003506, 'restaurant': 2.4496056091148115, 'nature': 2.339176161262051}]
final category weights {'shopping': 1.23, 'restaurant': 1.64, 'landmark': 1.36, 'nature': 1.22, 'theatre': 2.0}
{'shopping': 1.23, 'restaurant': 1.64, 'landmark': 1.36, 'nature': 1.22, 'theatre': 2.0}
5cadf2d7aade8e2bd4ef49b3
('the available duration for ', 'shopping', ' is ', 59.43624161073825)
('the available duration for ', 'restaurant', ' is ', 79.248322147651)
('the available duration for ', 'landmark', ' is ', 65.71812080536913)
('the available duration for ', 'nature', ' is ', 58.95302013422819)
('the available duration for ', 'theatre', ' is ', 96.64429530201342)
Trip plannning completed
5cadf2d7aade8e2bd4ef49b3
[{'review': 4.2, 'hours': {'opening': '900', 'closing': '1830'}, 'category': 'shopping', 'duration': 30, 'name': "George's Street Arcade", 'bestTimeToVisit': {'season': 'all', 'day': 'afternoon'}, 'geoLocation': {'longitude': -6.263913, 'latitude': 53.342483}, 'Price': 1}, {'review': 4.5, 'hours': {'opening': '1000', 'closing': '2000'}, 'category': 'restaurant', 'duration': 60, 'name': 'Mamas Revenge', 'bestTimeToVisit': {'season': 'all', 'day': 'all'}, 'geoLocation': {'longitude': -6.2538, 'latitude': 53.3419}, 'Price': 1}, {'review': 4.1, 'hours': {'opening': '0', 'closing': '2359'}, 'category': 'landmark', 'duration': 15, 'name': 'Spire', 'bestTimeToVisit': {'season': 'summer', 'day': 'evening'}, 'geoLocation': {'longitude': -6.260255, 'latitude': 53.350027}, 'Price': 0}, {'review': 4.4, 'hours': {'opening': '0', 'closing': '2359'}, 'category': 'landmark', 'duration': 15, 'name': "Ha'penny Bridge", 'bestTimeToVisit': {'season': 'summer', 'day': 'evening'}, 'geoLocation': {'longitude': -6.263119, 'latitude': 53.346483}, 'Price': 0}, {'review': 4.6, 'hours': {'opening': '0', 'closing': '2359'}, 'category': 'landmark', 'duration': 15, 'name': 'Samuel Beckett Bridge', 'bestTimeToVisit': {'season': 'summer', 'day': 'evening'}, 'geoLocation': {'longitude': -6.241403, 'latitude': 53.347109}, 'Price': 0}, {'review': 4.3, 'hours': {'opening': '0', 'closing': '2359'}, 'category': 'landmark', 'duration': 10, 'name': 'Molly Malone Statue', 'bestTimeToVisit': {'season': 'summer', 'day': 'morning'}, 'geoLocation': {'longitude': -6.260992, 'latitude': 53.343808}, 'Price': 0}, {'review': 4.8, 'hours': {'opening': '1000', 'closing': '1630'}, 'category': 'nature', 'duration': 45, 'name': 'National Botanic Gardens', 'bestTimeToVisit': {'season': 'summer', 'day': 'afternoon'}, 'geoLocation': {'longitude': -6.2719, 'latitude': 53.3725}, 'Price': 0}, {'review': 4.5, 'hours': {'opening': '0', 'closing': '2359'}, 'category': 'theatre', 'duration': 60, 'name': 'Olympia Theatre', 'bestTimeToVisit': {'season': 'all', 'day': 'all'}, 'geoLocation': {'longitude': -6.266114, 'latitude': 53.344318}, 'Price': 1}]
